[Mon, 27 Aug 2012 08:26:10 GMT] INFO Server starting with config: {
  "environment": "development",
  "workers": 1,
  "port": 4000,
  "debug": true,
  "rotateWorkers": false,
  "rotationWindow": 7200000,
  "rotationTimeout": 300000,
  "logDir": "D:\\projects\\mygit\\nodeapp\\firstapp\\log",
  "gracefulShutdownTimeout": 30000,
  "heartbeatInterval": 5000,
  "heartbeatWindow": 20000,
  "staticFilePath": "D:\\projects\\mygit\\nodeapp\\firstapp\\public",
  "sessions": {
    "store": "memory",
    "key": "sid",
    "expiry": 1209600
  },
  "cookieSessionKey": "sdata",
  "metrics": null,
  "i18n": {
    "defaultLocale": "en-us",
    "loadPaths": [
      "D:\\projects\\mygit\\nodeapp\\firstapp\\config\\locales"
    ]
  },
  "spdy": null,
  "ssl": null,
  "model": {
    "useTimestamps": false,
    "forceCamel": true
  },
  "hostname": null,
  "detailedErrors": true
}
[Mon, 27 Aug 2012 08:26:10 GMT] INFO Creating 1 worker process.
[Mon, 27 Aug 2012 08:26:11 GMT] INFO Server worker running in development on port 4000 with a PID of: 5172
[Mon, 27 Aug 2012 08:26:11 GMT] DEBUG LOGGING STARTED ============================================
[Mon, 27 Aug 2012 08:26:11 GMT] DEBUG ============================================================
